<?xml version="1.0" encoding="UTF-8"?>
<testng-results total="2" passed="2" failed="0"
	skipped="0">
	<reporter-output>
	</reporter-output>
	<suite started-at="2023-06-17T09:05:27Z" name="Default suite"
		finished-at="2023-06-17T09:05:33Z" duration-ms="5854">
		<groups>
		</groups>
		<test started-at="2023-06-17T09:05:27Z" name="Default test"
			finished-at="2023-06-17T09:05:33Z" duration-ms="5854">
			<class name="app.petstore.testcases.DataDrivenTests">
				<test-method is-config="true"
					signature="setupdata()[pri:0, instance:app.petstore.testcases.DataDrivenTests@3f67593e]"
					started-at="2023-06-17T14:35:27Z" name="setupdata"
					finished-at="2023-06-17T14:35:27Z" duration-ms="407" status="PASS">
					<reporter-output>
					</reporter-output>
				</test-method> <!-- setupdata -->
				<test-method
					signature="testgetuser(java.lang.String)[pri:2, instance:app.petstore.testcases.DataDrivenTests@3f67593e]"
					started-at="2023-06-17T14:35:28Z" name="testgetuser"
					data-provider="excelData" finished-at="2023-06-17T14:35:31Z"
					duration-ms="3068" status="PASS">
					<params>
						<param index="0">
							<value>
                <![CDATA[Ram]]>
							</value>
						</param>
					</params>
					<reporter-output>
					</reporter-output>
				</test-method> <!-- testgetuser -->
				<test-method
					signature="testgetuser(java.lang.String)[pri:2, instance:app.petstore.testcases.DataDrivenTests@3f67593e]"
					started-at="2023-06-17T14:35:31Z" name="testgetuser"
					data-provider="excelData" finished-at="2023-06-17T14:35:33Z"
					duration-ms="1100" status="PASS">
					<params>
						<param index="0">
							<value>
                <![CDATA[Ramesh]]>
							</value>
						</param>
					</params>
					<reporter-output>
					</reporter-output>
				</test-method> <!-- testgetuser -->
			</class> <!-- app.petstore.testcases.DataDrivenTests -->
		</test> <!-- Default test -->
	</suite> <!-- Default suite -->
</testng-results>
